mode: atomic
github.com/formancehq/stack/components/gateway/main.go:10.13,12.2 1 0
github.com/formancehq/stack/components/gateway/pkg/plugins/audit.go:36.13,39.2 2 1
github.com/formancehq/stack/components/gateway/pkg/plugins/audit.go:72.45,75.28 1 1
github.com/formancehq/stack/components/gateway/pkg/plugins/audit.go:75.28,75.49 1 1
github.com/formancehq/stack/components/gateway/pkg/plugins/audit.go:79.87,83.15 3 0
github.com/formancehq/stack/components/gateway/pkg/plugins/audit.go:83.15,84.22 1 0
github.com/formancehq/stack/components/gateway/pkg/plugins/audit.go:84.22,86.15 2 0
github.com/formancehq/stack/components/gateway/pkg/plugins/audit.go:87.35,90.19 3 0
github.com/formancehq/stack/components/gateway/pkg/plugins/audit.go:90.19,92.6 1 0
github.com/formancehq/stack/components/gateway/pkg/plugins/audit.go:93.34,94.44 1 0
github.com/formancehq/stack/components/gateway/pkg/plugins/audit.go:94.44,96.6 1 0
github.com/formancehq/stack/components/gateway/pkg/plugins/audit.go:97.39,100.19 3 0
github.com/formancehq/stack/components/gateway/pkg/plugins/audit.go:100.19,102.6 1 0
github.com/formancehq/stack/components/gateway/pkg/plugins/audit.go:103.40,106.19 3 0
github.com/formancehq/stack/components/gateway/pkg/plugins/audit.go:106.19,108.6 1 0
github.com/formancehq/stack/components/gateway/pkg/plugins/audit.go:109.41,110.50 1 0
github.com/formancehq/stack/components/gateway/pkg/plugins/audit.go:110.50,112.6 1 0
github.com/formancehq/stack/components/gateway/pkg/plugins/audit.go:113.41,114.50 1 0
github.com/formancehq/stack/components/gateway/pkg/plugins/audit.go:114.50,116.6 1 0
github.com/formancehq/stack/components/gateway/pkg/plugins/audit.go:117.42,118.51 1 0
github.com/formancehq/stack/components/gateway/pkg/plugins/audit.go:118.51,120.6 1 0
github.com/formancehq/stack/components/gateway/pkg/plugins/audit.go:121.47,123.23 2 0
github.com/formancehq/stack/components/gateway/pkg/plugins/audit.go:123.23,125.6 1 0
github.com/formancehq/stack/components/gateway/pkg/plugins/audit.go:126.5,127.19 2 0
github.com/formancehq/stack/components/gateway/pkg/plugins/audit.go:127.19,129.6 1 0
github.com/formancehq/stack/components/gateway/pkg/plugins/audit.go:130.5,130.48 1 0
github.com/formancehq/stack/components/gateway/pkg/plugins/audit.go:131.34,134.19 3 0
github.com/formancehq/stack/components/gateway/pkg/plugins/audit.go:134.19,136.6 1 0
github.com/formancehq/stack/components/gateway/pkg/plugins/audit.go:137.30,138.40 1 0
github.com/formancehq/stack/components/gateway/pkg/plugins/audit.go:138.40,140.6 1 0
github.com/formancehq/stack/components/gateway/pkg/plugins/audit.go:141.36,142.45 1 0
github.com/formancehq/stack/components/gateway/pkg/plugins/audit.go:142.45,144.6 1 0
github.com/formancehq/stack/components/gateway/pkg/plugins/audit.go:145.41,147.23 2 0
github.com/formancehq/stack/components/gateway/pkg/plugins/audit.go:147.23,149.6 1 0
github.com/formancehq/stack/components/gateway/pkg/plugins/audit.go:150.5,151.19 2 0
github.com/formancehq/stack/components/gateway/pkg/plugins/audit.go:151.19,153.6 1 0
github.com/formancehq/stack/components/gateway/pkg/plugins/audit.go:154.5,154.44 1 0
github.com/formancehq/stack/components/gateway/pkg/plugins/audit.go:155.46,157.23 2 0
github.com/formancehq/stack/components/gateway/pkg/plugins/audit.go:157.23,159.6 1 0
github.com/formancehq/stack/components/gateway/pkg/plugins/audit.go:160.5,161.19 2 0
github.com/formancehq/stack/components/gateway/pkg/plugins/audit.go:161.19,163.6 1 0
github.com/formancehq/stack/components/gateway/pkg/plugins/audit.go:164.5,164.43 1 0
github.com/formancehq/stack/components/gateway/pkg/plugins/audit.go:165.22,166.33 1 0
github.com/formancehq/stack/components/gateway/pkg/plugins/audit.go:166.33,168.6 1 0
github.com/formancehq/stack/components/gateway/pkg/plugins/audit.go:169.26,171.23 2 0
github.com/formancehq/stack/components/gateway/pkg/plugins/audit.go:171.23,173.6 1 0
github.com/formancehq/stack/components/gateway/pkg/plugins/audit.go:174.5,175.19 2 0
github.com/formancehq/stack/components/gateway/pkg/plugins/audit.go:175.19,177.6 1 0
github.com/formancehq/stack/components/gateway/pkg/plugins/audit.go:178.5,178.24 1 0
github.com/formancehq/stack/components/gateway/pkg/plugins/audit.go:179.20,180.31 1 0
github.com/formancehq/stack/components/gateway/pkg/plugins/audit.go:180.31,182.6 1 0
github.com/formancehq/stack/components/gateway/pkg/plugins/audit.go:183.23,184.34 1 0
github.com/formancehq/stack/components/gateway/pkg/plugins/audit.go:184.34,186.6 1 0
github.com/formancehq/stack/components/gateway/pkg/plugins/audit.go:187.24,190.19 3 0
github.com/formancehq/stack/components/gateway/pkg/plugins/audit.go:190.19,192.6 1 0
github.com/formancehq/stack/components/gateway/pkg/plugins/audit.go:193.27,194.38 1 0
github.com/formancehq/stack/components/gateway/pkg/plugins/audit.go:194.38,196.6 1 0
github.com/formancehq/stack/components/gateway/pkg/plugins/audit.go:197.20,198.31 1 0
github.com/formancehq/stack/components/gateway/pkg/plugins/audit.go:198.31,200.6 1 0
github.com/formancehq/stack/components/gateway/pkg/plugins/audit.go:201.12,202.55 1 0
github.com/formancehq/stack/components/gateway/pkg/plugins/audit.go:207.2,207.23 1 0
github.com/formancehq/stack/components/gateway/pkg/plugins/audit.go:207.23,209.3 1 0
github.com/formancehq/stack/components/gateway/pkg/plugins/audit.go:210.2,210.38 1 0
github.com/formancehq/stack/components/gateway/pkg/plugins/audit.go:210.38,212.3 1 0
github.com/formancehq/stack/components/gateway/pkg/plugins/audit.go:214.2,214.15 1 0
github.com/formancehq/stack/components/gateway/pkg/plugins/audit.go:217.54,219.20 2 0
github.com/formancehq/stack/components/gateway/pkg/plugins/audit.go:219.20,221.3 1 0
github.com/formancehq/stack/components/gateway/pkg/plugins/audit.go:222.2,223.16 2 0
github.com/formancehq/stack/components/gateway/pkg/plugins/audit.go:223.16,225.3 1 0
github.com/formancehq/stack/components/gateway/pkg/plugins/audit.go:226.2,226.17 1 0
github.com/formancehq/stack/components/gateway/pkg/plugins/audit.go:229.52,233.29 3 0
github.com/formancehq/stack/components/gateway/pkg/plugins/audit.go:233.29,234.53 1 0
github.com/formancehq/stack/components/gateway/pkg/plugins/audit.go:234.53,236.4 1 0
github.com/formancehq/stack/components/gateway/pkg/plugins/audit.go:239.2,239.28 1 0
github.com/formancehq/stack/components/gateway/pkg/plugins/audit.go:239.28,240.52 1 0
github.com/formancehq/stack/components/gateway/pkg/plugins/audit.go:240.52,242.4 1 0
github.com/formancehq/stack/components/gateway/pkg/plugins/audit.go:245.2,250.19 2 0
github.com/formancehq/stack/components/gateway/pkg/plugins/audit.go:250.19,253.19 3 0
github.com/formancehq/stack/components/gateway/pkg/plugins/audit.go:253.19,255.4 1 0
github.com/formancehq/stack/components/gateway/pkg/plugins/audit.go:257.3,258.17 2 0
github.com/formancehq/stack/components/gateway/pkg/plugins/audit.go:258.17,261.4 2 0
github.com/formancehq/stack/components/gateway/pkg/plugins/audit.go:263.3,264.17 2 0
github.com/formancehq/stack/components/gateway/pkg/plugins/audit.go:264.17,266.4 1 0
github.com/formancehq/stack/components/gateway/pkg/plugins/audit.go:268.3,269.80 2 0
github.com/formancehq/stack/components/gateway/pkg/plugins/audit.go:272.2,277.12 2 0
github.com/formancehq/stack/components/gateway/pkg/plugins/audit.go:285.43,288.2 2 2
github.com/formancehq/stack/components/gateway/pkg/plugins/audit.go:290.94,292.16 2 3
github.com/formancehq/stack/components/gateway/pkg/plugins/audit.go:292.16,294.3 1 0
github.com/formancehq/stack/components/gateway/pkg/plugins/audit.go:296.2,297.16 2 3
github.com/formancehq/stack/components/gateway/pkg/plugins/audit.go:297.16,299.3 1 0
github.com/formancehq/stack/components/gateway/pkg/plugins/audit.go:301.2,302.16 2 3
github.com/formancehq/stack/components/gateway/pkg/plugins/audit.go:302.16,304.3 1 0
github.com/formancehq/stack/components/gateway/pkg/plugins/audit.go:306.2,308.54 1 3
github.com/formancehq/stack/components/gateway/pkg/plugins/audit.go:308.54,310.3 1 1
github.com/formancehq/stack/components/gateway/pkg/plugins/audit.go:312.2,317.34 5 2
github.com/formancehq/stack/components/gateway/pkg/plugins/audit.go:320.57,322.20 2 2
github.com/formancehq/stack/components/gateway/pkg/plugins/audit.go:322.20,324.3 1 0
github.com/formancehq/stack/components/gateway/pkg/plugins/audit.go:325.2,325.66 1 2
github.com/formancehq/stack/components/gateway/pkg/plugins/audit.go:328.96,331.77 2 0
github.com/formancehq/stack/components/gateway/pkg/plugins/audit.go:331.77,333.3 1 0
github.com/formancehq/stack/components/gateway/pkg/plugins/audit.go:335.2,335.19 1 0
github.com/formancehq/stack/components/gateway/pkg/plugins/audit.go:338.33,340.24 2 0
github.com/formancehq/stack/components/gateway/pkg/plugins/audit.go:340.24,342.3 1 0
github.com/formancehq/stack/components/gateway/pkg/plugins/audit.go:343.2,343.23 1 0
github.com/formancehq/stack/components/gateway/pkg/plugins/audit.go:343.23,345.3 1 0
github.com/formancehq/stack/components/gateway/pkg/plugins/audit.go:346.2,346.12 1 0
github.com/formancehq/stack/components/gateway/pkg/plugins/audit.go:357.48,367.41 2 0
github.com/formancehq/stack/components/gateway/pkg/plugins/audit.go:367.41,369.24 2 0
github.com/formancehq/stack/components/gateway/pkg/plugins/audit.go:369.24,371.5 1 0
github.com/formancehq/stack/components/gateway/pkg/plugins/audit.go:372.4,373.18 2 0
github.com/formancehq/stack/components/gateway/pkg/plugins/audit.go:373.18,375.15 2 0
github.com/formancehq/stack/components/gateway/pkg/plugins/audit.go:377.4,377.14 1 0
github.com/formancehq/stack/components/gateway/pkg/plugins/audit.go:381.2,391.16 4 0
github.com/formancehq/stack/components/gateway/pkg/plugins/audit.go:391.16,394.3 2 0
github.com/formancehq/stack/components/gateway/pkg/plugins/audit.go:396.2,401.16 2 0
github.com/formancehq/stack/components/gateway/pkg/plugins/audit.go:401.16,404.3 2 0
github.com/formancehq/stack/components/gateway/pkg/plugins/audit.go:406.2,406.12 1 0
github.com/formancehq/stack/components/gateway/pkg/plugins/audit.go:409.49,417.32 2 0
github.com/formancehq/stack/components/gateway/pkg/plugins/audit.go:417.32,419.3 1 0
github.com/formancehq/stack/components/gateway/pkg/plugins/audit.go:421.2,421.33 1 0
github.com/formancehq/stack/components/gateway/pkg/plugins/audit.go:421.33,424.58 2 0
github.com/formancehq/stack/components/gateway/pkg/plugins/audit.go:424.58,426.45 2 0
github.com/formancehq/stack/components/gateway/pkg/plugins/audit.go:427.14,428.25 1 0
github.com/formancehq/stack/components/gateway/pkg/plugins/audit.go:429.14,430.25 1 0
github.com/formancehq/stack/components/gateway/pkg/plugins/audit.go:431.13,432.35 1 0
github.com/formancehq/stack/components/gateway/pkg/plugins/audit.go:434.5,436.6 1 0
github.com/formancehq/stack/components/gateway/pkg/plugins/audit.go:441.2,448.16 3 0
github.com/formancehq/stack/components/gateway/pkg/plugins/audit.go:448.16,451.3 2 0
github.com/formancehq/stack/components/gateway/pkg/plugins/audit.go:453.2,453.12 1 0
github.com/formancehq/stack/components/gateway/pkg/plugins/versions.go:20.13,23.2 2 1
github.com/formancehq/stack/components/gateway/pkg/plugins/versions.go:48.48,53.28 1 1
github.com/formancehq/stack/components/gateway/pkg/plugins/versions.go:53.28,53.52 1 1
github.com/formancehq/stack/components/gateway/pkg/plugins/versions.go:58.55,69.2 3 0
github.com/formancehq/stack/components/gateway/pkg/plugins/versions.go:71.82,75.2 3 0
github.com/formancehq/stack/components/gateway/pkg/plugins/versions.go:82.69,84.15 2 0
github.com/formancehq/stack/components/gateway/pkg/plugins/versions.go:84.15,85.22 1 0
github.com/formancehq/stack/components/gateway/pkg/plugins/versions.go:85.22,87.15 2 0
github.com/formancehq/stack/components/gateway/pkg/plugins/versions.go:88.21,89.18 1 0
github.com/formancehq/stack/components/gateway/pkg/plugins/versions.go:89.18,90.25 1 0
github.com/formancehq/stack/components/gateway/pkg/plugins/versions.go:90.25,93.26 3 0
github.com/formancehq/stack/components/gateway/pkg/plugins/versions.go:93.26,95.24 2 0
github.com/formancehq/stack/components/gateway/pkg/plugins/versions.go:95.24,97.9 1 0
github.com/formancehq/stack/components/gateway/pkg/plugins/versions.go:98.8,102.10 2 0
github.com/formancehq/stack/components/gateway/pkg/plugins/versions.go:105.7,108.9 1 0
github.com/formancehq/stack/components/gateway/pkg/plugins/versions.go:112.18,113.30 1 0
github.com/formancehq/stack/components/gateway/pkg/plugins/versions.go:113.30,115.6 1 0
github.com/formancehq/stack/components/gateway/pkg/plugins/versions.go:117.15,118.35 1 0
github.com/formancehq/stack/components/gateway/pkg/plugins/versions.go:118.35,120.6 1 0
github.com/formancehq/stack/components/gateway/pkg/plugins/versions.go:124.2,124.12 1 0
github.com/formancehq/stack/components/gateway/pkg/plugins/versions.go:130.37,131.39 1 0
github.com/formancehq/stack/components/gateway/pkg/plugins/versions.go:131.39,132.45 1 0
github.com/formancehq/stack/components/gateway/pkg/plugins/versions.go:132.45,133.74 1 0
github.com/formancehq/stack/components/gateway/pkg/plugins/versions.go:133.74,135.5 1 0
github.com/formancehq/stack/components/gateway/pkg/plugins/versions.go:137.4,137.73 1 0
github.com/formancehq/stack/components/gateway/pkg/plugins/versions.go:137.73,139.5 1 0
github.com/formancehq/stack/components/gateway/pkg/plugins/versions.go:143.2,143.12 1 0
github.com/formancehq/stack/components/gateway/pkg/plugins/versions.go:146.99,149.2 2 0
github.com/formancehq/stack/components/gateway/pkg/plugins/versions.go:168.52,169.29 1 0
github.com/formancehq/stack/components/gateway/pkg/plugins/versions.go:169.29,171.3 1 0
github.com/formancehq/stack/components/gateway/pkg/plugins/versions.go:172.2,172.24 1 0
github.com/formancehq/stack/components/gateway/pkg/plugins/versions.go:172.24,174.3 1 0
github.com/formancehq/stack/components/gateway/pkg/plugins/versions.go:175.2,175.18 1 0
github.com/formancehq/stack/components/gateway/pkg/plugins/versions.go:193.125,201.2 1 0
github.com/formancehq/stack/components/gateway/pkg/plugins/versions.go:203.35,207.2 1 0
github.com/formancehq/stack/components/gateway/pkg/plugins/versions.go:209.77,214.39 3 0
github.com/formancehq/stack/components/gateway/pkg/plugins/versions.go:214.39,216.22 2 0
github.com/formancehq/stack/components/gateway/pkg/plugins/versions.go:216.22,221.42 2 0
github.com/formancehq/stack/components/gateway/pkg/plugins/versions.go:221.42,222.26 1 0
github.com/formancehq/stack/components/gateway/pkg/plugins/versions.go:222.26,224.20 2 0
github.com/formancehq/stack/components/gateway/pkg/plugins/versions.go:224.20,229.7 2 0
github.com/formancehq/stack/components/gateway/pkg/plugins/versions.go:229.12,231.7 1 0
github.com/formancehq/stack/components/gateway/pkg/plugins/versions.go:234.5,235.19 2 0
github.com/formancehq/stack/components/gateway/pkg/plugins/versions.go:235.19,240.11 3 0
github.com/formancehq/stack/components/gateway/pkg/plugins/versions.go:241.11,243.17 2 0
github.com/formancehq/stack/components/gateway/pkg/plugins/versions.go:243.17,244.12 1 0
github.com/formancehq/stack/components/gateway/pkg/plugins/versions.go:249.4,251.14 2 0
github.com/formancehq/stack/components/gateway/pkg/plugins/versions.go:255.2,255.34 1 0
github.com/formancehq/stack/components/gateway/pkg/plugins/versions.go:255.34,258.3 2 0
github.com/formancehq/stack/components/gateway/pkg/plugins/versions.go:260.2,267.32 4 0
github.com/formancehq/stack/components/gateway/pkg/plugins/versions.go:267.32,269.3 1 0
github.com/formancehq/stack/components/gateway/pkg/plugins/versions.go:271.2,272.55 2 0
github.com/formancehq/stack/components/gateway/pkg/plugins/versions.go:272.55,274.3 1 0
github.com/formancehq/stack/components/gateway/pkg/plugins/versions.go:281.19,285.16 3 0
github.com/formancehq/stack/components/gateway/pkg/plugins/versions.go:285.16,287.3 1 0
github.com/formancehq/stack/components/gateway/pkg/plugins/versions.go:288.2,288.15 1 0
github.com/formancehq/stack/components/gateway/pkg/plugins/versions.go:288.15,288.40 1 0
github.com/formancehq/stack/components/gateway/pkg/plugins/versions.go:290.2,290.38 1 0
github.com/formancehq/stack/components/gateway/pkg/plugins/versions.go:290.38,292.3 1 0
github.com/formancehq/stack/components/gateway/pkg/plugins/versions.go:294.2,295.16 2 0
github.com/formancehq/stack/components/gateway/pkg/plugins/versions.go:295.16,297.3 1 0
github.com/formancehq/stack/components/gateway/pkg/plugins/versions.go:299.2,299.61 1 0
github.com/formancehq/stack/components/gateway/pkg/plugins/versions.go:299.61,301.3 1 0
github.com/formancehq/stack/components/gateway/pkg/plugins/versions.go:303.2,303.32 1 0
github.com/formancehq/stack/components/gateway/pkg/plugins/versions.go:310.17,312.16 2 0
github.com/formancehq/stack/components/gateway/pkg/plugins/versions.go:312.16,314.3 1 0
github.com/formancehq/stack/components/gateway/pkg/plugins/versions.go:315.2,315.15 1 0
github.com/formancehq/stack/components/gateway/pkg/plugins/versions.go:315.15,315.40 1 0
github.com/formancehq/stack/components/gateway/pkg/plugins/versions.go:317.2,317.38 1 0
github.com/formancehq/stack/components/gateway/pkg/plugins/versions.go:317.38,319.3 1 0
github.com/formancehq/stack/components/gateway/pkg/plugins/versions.go:321.2,321.18 1 0
github.com/formancehq/stack/components/gateway/pkg/plugins/versions.go:328.27,330.16 2 0
github.com/formancehq/stack/components/gateway/pkg/plugins/versions.go:330.16,332.3 1 0
github.com/formancehq/stack/components/gateway/pkg/plugins/versions.go:334.2,335.16 2 0
github.com/formancehq/stack/components/gateway/pkg/plugins/versions.go:335.16,337.3 1 0
github.com/formancehq/stack/components/gateway/pkg/plugins/versions.go:339.2,339.18 1 0
